-------------------------------------------------------------------------------
Test set: org.openapitools.OpenApiGeneratorApplicationTests
-------------------------------------------------------------------------------
Tests run: 1, Failures: 0, Errors: 1, Skipped: 0, Time elapsed: 3.522 s <<< FAILURE! - in org.openapitools.OpenApiGeneratorApplicationTests
contextLoads  Time elapsed: 0.008 s  <<< ERROR!
java.lang.IllegalStateException: Failed to load ApplicationContext
Caused by: org.springframework.beans.factory.UnsatisfiedDependencyException: Error creating bean with name 'com.speed_liv.menu.api.RestaurantController' defined in file [D:\IIT\3 EME\ARCHITECTURE ORIENTE SERVICE\TP1\menu_java\target\classes\com\speed_liv\menu\api\RestaurantController.class]: Unsatisfied dependency expressed through constructor parameter 0; nested exception is org.springframework.beans.factory.UnsatisfiedDependencyException: Error creating bean with name 'com.speed_liv.menu.service.RestaurantService' defined in file [D:\IIT\3 EME\ARCHITECTURE ORIENTE SERVICE\TP1\menu_java\target\classes\com\speed_liv\menu\service\RestaurantService.class]: Unsatisfied dependency expressed through constructor parameter 0; nested exception is org.springframework.beans.factory.NoSuchBeanDefinitionException: No qualifying bean of type 'com.speed_liv.menu.model.repository.RestaurantRepository' available: expected at least 1 bean which qualifies as autowire candidate. Dependency annotations: {}
Caused by: org.springframework.beans.factory.UnsatisfiedDependencyException: Error creating bean with name 'com.speed_liv.menu.service.RestaurantService' defined in file [D:\IIT\3 EME\ARCHITECTURE ORIENTE SERVICE\TP1\menu_java\target\classes\com\speed_liv\menu\service\RestaurantService.class]: Unsatisfied dependency expressed through constructor parameter 0; nested exception is org.springframework.beans.factory.NoSuchBeanDefinitionException: No qualifying bean of type 'com.speed_liv.menu.model.repository.RestaurantRepository' available: expected at least 1 bean which qualifies as autowire candidate. Dependency annotations: {}
Caused by: org.springframework.beans.factory.NoSuchBeanDefinitionException: No qualifying bean of type 'com.speed_liv.menu.model.repository.RestaurantRepository' available: expected at least 1 bean which qualifies as autowire candidate. Dependency annotations: {}

